app/build/outputs/logs/manifest-merger-debug-report.txt
-- Merging decision tree log ---
manifest
ADDED from src\main\AndroidManifest.xml:2:1-256:12
INJECTED from src\main\AndroidManifest.xml:2:1-256:12
INJECTED from src\main\AndroidManifest.xml:2:1-256:12
INJECTED from src\main\AndroidManifest.xml:2:1-256:12
INJECTED from src\main\AndroidManifest.xml:2:1-256:12
INJECTED from src\main\AndroidManifest.xml:2:1-256:12
INJECTED from src\main\AndroidManifest.xml:2:1-256:12
	package
		ADDED from src\main\AndroidManifest.xml:3:5-31
		INJECTED from src\main\AndroidManifest.xml
		INJECTED from src\main\AndroidManifest.xml
	android:versionName
		ADDED from src\main\AndroidManifest.xml:5:5-30
		INJECTED from src\main\AndroidManifest.xml
		INJECTED from src\main\AndroidManifest.xml
	xmlns:android
		ADDED from src\main\AndroidManifest.xml:2:11-69
	android:versionCode
		ADDED from src\main\AndroidManifest.xml:4:5-28
		INJECTED from src\main\AndroidManifest.xml
		INJECTED from src\main\AndroidManifest.xml
uses-sdk
ADDED from src\main\AndroidManifest.xml:7:5-9:41
INJECTED from src\main\AndroidManifest.xml:7:5-9:41
INJECTED from src\main\AndroidManifest.xml:7:5-9:41
INJECTED from src\main\AndroidManifest.xml:7:5-9:41
INJECTED from src\main\AndroidManifest.xml:7:5-9:41
	android:targetSdkVersion
		ADDED from src\main\AndroidManifest.xml:9:9-38
		INJECTED from src\main\AndroidManifest.xml
		INJECTED from src\main\AndroidManifest.xml
	android:minSdkVersion
		ADDED from src\main\AndroidManifest.xml:8:9-34
		INJECTED from src\main\AndroidManifest.xml
		INJECTED from src\main\AndroidManifest.xml
uses-permission#android.permission.WRITE_SETTINGS
ADDED from src\main\AndroidManifest.xml:11:5-73
	android:name
		ADDED from src\main\AndroidManifest.xml:11:22-70
uses-permission#android.permission.WAKE_LOCK
ADDED from src\main\AndroidManifest.xml:12:5-68
	android:name
		ADDED from src\main\AndroidManifest.xml:12:22-65
uses-permission#android.permission.WRITE_EXTERNAL_STORAGE
ADDED from src\main\AndroidManifest.xml:13:5-81
	android:name
		ADDED from src\main\AndroidManifest.xml:13:22-78
uses-permission#android.permission.READ_PHONE_STATE
ADDED from src\main\AndroidManifest.xml:14:5-75
	android:name
		ADDED from src\main\AndroidManifest.xml:14:22-72
uses-permission#android.permission.MODIFY_AUDIO_SETTINGS
ADDED from src\main\AndroidManifest.xml:15:5-80
	android:name
		ADDED from src\main\AndroidManifest.xml:15:22-77
uses-permission#android.permission.INTERNET
ADDED from src\main\AndroidManifest.xml:16:5-67
	android:name
		ADDED from src\main\AndroidManifest.xml:16:22-64
uses-permission#android.permission.BROADCAST_STICKY
ADDED from src\main\AndroidManifest.xml:17:5-75
	android:name
		ADDED from src\main\AndroidManifest.xml:17:22-72
uses-permission#android.permission.ACCESS_WIFI_STATE
ADDED from src\main\AndroidManifest.xml:18:5-76
	android:name
		ADDED from src\main\AndroidManifest.xml:18:22-73
uses-permission#android.permission.CHANGE_WIFI_MULTICAST_STATE
ADDED from src\main\AndroidManifest.xml:19:5-86
	android:name
		ADDED from src\main\AndroidManifest.xml:19:22-83
uses-permission#android.permission.ACCESS_NETWORK_STATE
ADDED from src\main\AndroidManifest.xml:20:5-79
	android:name
		ADDED from src\main\AndroidManifest.xml:20:22-76
uses-permission#android.permission.GET_TASKS
ADDED from src\main\AndroidManifest.xml:21:5-68
	android:name
		ADDED from src\main\AndroidManifest.xml:21:22-65
uses-permission#android.permission.READ_EXTERNAL_STORAGE
ADDED from src\main\AndroidManifest.xml:22:5-80
	android:name
		ADDED from src\main\AndroidManifest.xml:22:22-77
application
ADDED from src\main\AndroidManifest.xml:24:5-254:19
	android:label
		ADDED from src\main\AndroidManifest.xml:27:9-41
	android:icon
		ADDED from src\main\AndroidManifest.xml:26:9-38
	android:name
		ADDED from src\main\AndroidManifest.xml:25:9-43
activity#com.nmbb.oplayer.ui.MainActivity
ADDED from src\main\AndroidManifest.xml:28:9-39:20
	android:screenOrientation
		ADDED from src\main\AndroidManifest.xml:32:13-49
	android:label
		ADDED from src\main\AndroidManifest.xml:31:13-45
	android:configChanges
		ADDED from src\main\AndroidManifest.xml:30:13-83
	android:theme
		ADDED from src\main\AndroidManifest.xml:33:13-60
	android:name
		ADDED from src\main\AndroidManifest.xml:29:13-44
intent-filter#action:name:android.intent.action.MAIN+category:name:android.intent.category.LAUNCHER
ADDED from src\main\AndroidManifest.xml:34:13-38:29
action#android.intent.action.MAIN
ADDED from src\main\AndroidManifest.xml:35:17-69
	android:name
		ADDED from src\main\AndroidManifest.xml:35:25-66
category#android.intent.category.LAUNCHER
ADDED from src\main\AndroidManifest.xml:37:17-77
	android:name
		ADDED from src\main\AndroidManifest.xml:37:27-74
activity#com.nmbb.oplayer.ui.VideoPlayerActivity
ADDED from src\main\AndroidManifest.xml:40:9-209:20
	android:label
		ADDED from src\main\AndroidManifest.xml:43:13-45
	android:configChanges
		ADDED from src\main\AndroidManifest.xml:42:13-83
	android:theme
		ADDED from src\main\AndroidManifest.xml:44:13-71
	android:name
		ADDED from src\main\AndroidManifest.xml:41:13-51
intent-filter#action:name:android.intent.action.VIEW+category:name:android.intent.category.BROWSABLE+category:name:android.intent.category.DEFAULT+category:name:android.intent.category.LAUNCHER+data:mimeType:application/octet-stream+data:mimeType:application/vnd.apple.mpegurl+data:mimeType:application/x-mpegurl+data:mimeType:audio/*+data:mimeType:audio/*+data:mimeType:audio/*+data:mimeType:audio/*+data:mimeType:audio/*+data:mimeType:audio/*+data:mimeType:audio/*+data:mimeType:audio/*+data:mimeType:video/*+data:mimeType:video/*+data:mimeType:video/*+data:mimeType:video/*+data:mimeType:video/*+data:mimeType:video/*+data:mimeType:video/*+data:mimeType:video/*+data:scheme:content+data:scheme:content+data:scheme:file+data:scheme:file+data:scheme:http+data:scheme:http+data:scheme:mms+data:scheme:mms+data:scheme:rtmp+data:scheme:rtmp+data:scheme:rtsp+data:scheme:rtsp+data:scheme:tcp+data:scheme:tcp+data:scheme:udp+data:scheme:udp
ADDED from src\main\AndroidManifest.xml:45:13-103:29
action#android.intent.action.VIEW
ADDED from src\main\AndroidManifest.xml:46:17-69
	android:name
		ADDED from src\main\AndroidManifest.xml:46:25-66
category#android.intent.category.DEFAULT
ADDED from src\main\AndroidManifest.xml:49:17-76
	android:name
		ADDED from src\main\AndroidManifest.xml:49:27-73
category#android.intent.category.BROWSABLE
ADDED from src\main\AndroidManifest.xml:50:17-78
	android:name
		ADDED from src\main\AndroidManifest.xml:50:27-75
data
ADDED from src\main\AndroidManifest.xml:52:17-54:45
	android:host
		ADDED from src\main\AndroidManifest.xml:190:23-39
	android:scheme
		ADDED from src\main\AndroidManifest.xml:54:21-42
	android:pathPattern
		ADDED from src\main\AndroidManifest.xml:191:23-53
	android:mimeType
		ADDED from src\main\AndroidManifest.xml:53:21-47
intent-filter#action:name:android.intent.action.VIEW+category:name:android.intent.category.DEFAULT+data:scheme:content
ADDED from src\main\AndroidManifest.xml:104:13-110:29
intent-filter#action:name:android.intent.action.VIEW+category:name:android.intent.category.BROWSABLE+category:name:android.intent.category.DEFAULT+data:mimeType:application/x-mpegurl+data:scheme:http
ADDED from src\main\AndroidManifest.xml:111:13-120:29
intent-filter#action:name:android.intent.action.VIEW+category:name:android.intent.category.BROWSABLE+category:name:android.intent.category.DEFAULT+data:scheme:mms+data:scheme:rtmp+data:scheme:rtsp+data:scheme:tcp+data:scheme:udp
ADDED from src\main\AndroidManifest.xml:121:13-132:29
intent-filter#action:name:android.intent.action.SEND+action:name:android.intent.action.SENDTO+action:name:android.intent.action.VIEW+category:name:android.intent.category.DEFAULT+data:mimeType:application/octet-stream+data:mimeType:application/sdp+data:mimeType:video/*
ADDED from src\main\AndroidManifest.xml:133:13-143:29
action#android.intent.action.SEND
ADDED from src\main\AndroidManifest.xml:135:17-69
	android:name
		ADDED from src\main\AndroidManifest.xml:135:25-66
action#android.intent.action.SENDTO
ADDED from src\main\AndroidManifest.xml:136:17-71
	android:name
		ADDED from src\main\AndroidManifest.xml:136:25-68
intent-filter#action:name:android.intent.action.VIEW+category:name:android.intent.category.BROWSABLE+category:name:android.intent.category.DEFAULT+data:mimeType:video/*+data:scheme:http
ADDED from src\main\AndroidManifest.xml:144:13-152:29
intent-filter#action:name:android.intent.action.VIEW+category:name:android.intent.category.BROWSABLE+category:name:android.intent.category.DEFAULT+data:mimeType:audio/*+data:mimeType:video/*+data:scheme:content+data:scheme:file+data:scheme:ftp+data:scheme:gopher+data:scheme:http+data:scheme:https+data:scheme:mms+data:scheme:rtmp+data:scheme:rtsp+data:scheme:tcp+data:scheme:udp
ADDED from src\main\AndroidManifest.xml:153:13-172:29
intent-filter#action:name:android.intent.action.VIEW+category:name:android.intent.category.BROWSABLE+category:name:android.intent.category.DEFAULT+data:host:*+data:pathPattern:.*\\.asf+data:pathPattern:.*\\.avi+data:pathPattern:.*\\.f4v+data:pathPattern:.*\\.flv+data:pathPattern:.*\\.m3u+data:pathPattern:.*\\.m3u8+data:pathPattern:.*\\.m4v+data:pathPattern:.*\\.mkv+data:pathPattern:.*\\.mov+data:pathPattern:.*\\.mp4+data:pathPattern:.*\\.mpeg+data:pathPattern:.*\\.mpg+data:pathPattern:.*\\.rm+data:pathPattern:.*\\.tp+data:pathPattern:.*\\.ts+data:pathPattern:.*\\.vob+data:pathPattern:.*\\.wmv+data:scheme:content+data:scheme:file+data:scheme:ftp+data:scheme:gopher+data:scheme:http+data:scheme:https+data:scheme:mms+data:scheme:rtmp+data:scheme:rtsp+data:scheme:tcp+data:scheme:udp
ADDED from src\main\AndroidManifest.xml:173:13-208:29
activity#com.nmbb.oplayer.PlayerActivity
ADDED from src\main\AndroidManifest.xml:210:9-215:20
	android:label
		ADDED from src\main\AndroidManifest.xml:213:13-45
	android:configChanges
		ADDED from src\main\AndroidManifest.xml:212:13-83
	android:theme
		ADDED from src\main\AndroidManifest.xml:214:13-71
	android:name
		ADDED from src\main\AndroidManifest.xml:211:13-43
activity#com.nmbb.oplayer.ui.vitamio.InitActivity
ADDED from src\main\AndroidManifest.xml:216:9-221:63
	android:launchMode
		ADDED from src\main\AndroidManifest.xml:219:13-43
	android:windowSoftInputMode
		ADDED from src\main\AndroidManifest.xml:221:13-60
	android:configChanges
		ADDED from src\main\AndroidManifest.xml:218:13-113
	android:theme
		ADDED from src\main\AndroidManifest.xml:220:13-60
	android:name
		ADDED from src\main\AndroidManifest.xml:217:13-68
receiver#com.nmbb.oplayer.receiver.MediaScannerReceiver
ADDED from src\main\AndroidManifest.xml:223:9-241:20
	android:name
		ADDED from src\main\AndroidManifest.xml:223:19-64
intent-filter#action:name:android.intent.action.BOOT_COMPLETED
ADDED from src\main\AndroidManifest.xml:226:13-228:29
action#android.intent.action.BOOT_COMPLETED
ADDED from src\main\AndroidManifest.xml:227:17-79
	android:name
		ADDED from src\main\AndroidManifest.xml:227:25-76
intent-filter#action:name:android.intent.action.MEDIA_MOUNTED+data:scheme:file
ADDED from src\main\AndroidManifest.xml:229:13-233:29
action#android.intent.action.MEDIA_MOUNTED
ADDED from src\main\AndroidManifest.xml:230:17-78
	android:name
		ADDED from src\main\AndroidManifest.xml:230:25-75
intent-filter#action:name:com.nmbb.oplayer.action.MEDIA_SCANNER_SCAN_DIRECTORY+action:name:com.nmbb.oplayer.action.MEDIA_SCANNER_SCAN_FILE+data:scheme:file
ADDED from src\main\AndroidManifest.xml:235:13-240:29
action#com.nmbb.oplayer.action.MEDIA_SCANNER_SCAN_FILE
ADDED from src\main\AndroidManifest.xml:236:17-90
	android:name
		ADDED from src\main\AndroidManifest.xml:236:25-87
action#com.nmbb.oplayer.action.MEDIA_SCANNER_SCAN_DIRECTORY
ADDED from src\main\AndroidManifest.xml:237:17-95
	android:name
		ADDED from src\main\AndroidManifest.xml:237:25-92
service#io.vov.vitamio.VitamioService
ADDED from src\main\AndroidManifest.xml:243:9-249:19
	android:exported
		ADDED from src\main\AndroidManifest.xml:245:13-37
	android:name
		ADDED from src\main\AndroidManifest.xml:244:13-57
intent-filter#action:name:io.vov.vitamio.IVitamioService
ADDED from src\main\AndroidManifest.xml:246:13-248:29
action#io.vov.vitamio.IVitamioService
ADDED from src\main\AndroidManifest.xml:247:17-73
	android:name
		ADDED from src\main\AndroidManifest.xml:247:25-70
service#com.nmbb.oplayer.service.MediaScannerService
ADDED from src\main\AndroidManifest.xml:251:9-64
	android:name
		ADDED from src\main\AndroidManifest.xml:251:18-61